Determining if the include file pthread.h exists failed with the following output:
Change Dir: C:/smartx1.0/modules/dlib/dlib-19.17/CMakeFiles/CMakeTmp

Run Build Command:"C:/Program Files (x86)/MSBuild/14.0/bin/MSBuild.exe" "cmTC_c86fe.vcxproj" "/p:Configuration=Debug" "/p:VisualStudioVersion=14.0"
Microsoft (R) 生成引擎版本 14.0.25420.1
版权所有(C) Microsoft Corporation。保留所有权利。

生成启动时间为 2019/9/25 23:15:25。
节点 1 上的项目“C:\smartx1.0\modules\dlib\dlib-19.17\CMakeFiles\CMakeTmp\cmTC_c86fe.vcxproj”(默认目标)。
PrepareForBuild:
  正在创建目录“cmTC_c86fe.dir\Debug\”。
  正在创建目录“C:\smartx1.0\modules\dlib\dlib-19.17\CMakeFiles\CMakeTmp\Debug\”。
  正在创建目录“cmTC_c86fe.dir\Debug\cmTC_c86fe.tlog\”。
InitializeBuildStatus:
  正在创建“cmTC_c86fe.dir\Debug\cmTC_c86fe.tlog\unsuccessfulbuild”，因为已指定“AlwaysCreate”。
ClCompile:
  C:\Program Files (x86)\Microsoft Visual Studio 14.0\VC\bin\CL.exe /c /Zi /W3 /WX- /Od /Ob0 /Oy- /D WIN32 /D _WINDOWS /D "CMAKE_INTDIR=\"Debug\"" /D _MBCS /Gm- /RTC1 /MDd /GS /fp:precise /Zc:wchar_t /Zc:forScope /Zc:inline /Fo"cmTC_c86fe.dir\Debug\\" /Fd"cmTC_c86fe.dir\Debug\vc140.pdb" /Gd /TC /analyze- /errorReport:queue "C:\smartx1.0\modules\dlib\dlib-19.17\CMakeFiles\CMakeTmp\CheckIncludeFile.c"
  用于 x86 的 Microsoft (R) C/C++ 优化编译器 19.00.24215.1 版
  版权所有(C) Microsoft Corporation。保留所有权利。
  
  cl /c /Zi /W3 /WX- /Od /Ob0 /Oy- /D WIN32 /D _WINDOWS /D "CMAKE_INTDIR=\"Debug\"" /D _MBCS /Gm- /RTC1 /MDd /GS /fp:precise /Zc:wchar_t /Zc:forScope /Zc:inline /Fo"cmTC_c86fe.dir\Debug\\" /Fd"cmTC_c86fe.dir\Debug\vc140.pdb" /Gd /TC /analyze- /errorReport:queue "C:\smartx1.0\modules\dlib\dlib-19.17\CMakeFiles\CMakeTmp\CheckIncludeFile.c"
  
  CheckIncludeFile.c
C:\smartx1.0\modules\dlib\dlib-19.17\CMakeFiles\CMakeTmp\CheckIncludeFile.c(1): fatal error C1083: 无法打开包括文件: “pthread.h”: No such file or directory [C:\smartx1.0\modules\dlib\dlib-19.17\CMakeFiles\CMakeTmp\cmTC_c86fe.vcxproj]
已完成生成项目“C:\smartx1.0\modules\dlib\dlib-19.17\CMakeFiles\CMakeTmp\cmTC_c86fe.vcxproj”(默认目标)的操作 - 失败。

生成失败。

“C:\smartx1.0\modules\dlib\dlib-19.17\CMakeFiles\CMakeTmp\cmTC_c86fe.vcxproj”(默认目标) (1) ->
(ClCompile 目标) -> 
  C:\smartx1.0\modules\dlib\dlib-19.17\CMakeFiles\CMakeTmp\CheckIncludeFile.c(1): fatal error C1083: 无法打开包括文件: “pthread.h”: No such file or directory [C:\smartx1.0\modules\dlib\dlib-19.17\CMakeFiles\CMakeTmp\cmTC_c86fe.vcxproj]

    0 个警告
    1 个错误

已用时间 00:00:00.43


Determining if the pthread_create exist failed with the following output:
Change Dir: /mnt/hgfs/smartx/modules/dlib/dlib-19.17/CMakeFiles/CMakeTmp

Run Build Command:"/usr/bin/make" "cmTC_ffb54/fast"
/usr/bin/make -f CMakeFiles/cmTC_ffb54.dir/build.make CMakeFiles/cmTC_ffb54.dir/build
make[1]: Entering directory '/mnt/hgfs/smartx/modules/dlib/dlib-19.17/CMakeFiles/CMakeTmp'
Building C object CMakeFiles/cmTC_ffb54.dir/CheckSymbolExists.c.o
/usr/bin/cc     -o CMakeFiles/cmTC_ffb54.dir/CheckSymbolExists.c.o   -c /mnt/hgfs/smartx/modules/dlib/dlib-19.17/CMakeFiles/CMakeTmp/CheckSymbolExists.c
Linking C executable cmTC_ffb54
/usr/bin/cmake -E cmake_link_script CMakeFiles/cmTC_ffb54.dir/link.txt --verbose=1
/usr/bin/cc       CMakeFiles/cmTC_ffb54.dir/CheckSymbolExists.c.o  -o cmTC_ffb54 -rdynamic 
CMakeFiles/cmTC_ffb54.dir/CheckSymbolExists.c.o: In function `main':
CheckSymbolExists.c:(.text+0x16): undefined reference to `pthread_create'
collect2: error: ld returned 1 exit status
CMakeFiles/cmTC_ffb54.dir/build.make:97: recipe for target 'cmTC_ffb54' failed
make[1]: *** [cmTC_ffb54] Error 1
make[1]: Leaving directory '/mnt/hgfs/smartx/modules/dlib/dlib-19.17/CMakeFiles/CMakeTmp'
Makefile:126: recipe for target 'cmTC_ffb54/fast' failed
make: *** [cmTC_ffb54/fast] Error 2

File /mnt/hgfs/smartx/modules/dlib/dlib-19.17/CMakeFiles/CMakeTmp/CheckSymbolExists.c:
/* */
#include <pthread.h>

int main(int argc, char** argv)
{
  (void)argv;
#ifndef pthread_create
  return ((int*)(&pthread_create))[argc];
#else
  (void)argc;
  return 0;
#endif
}

Determining if the function pthread_create exists in the pthreads failed with the following output:
Change Dir: /mnt/hgfs/smartx/modules/dlib/dlib-19.17/CMakeFiles/CMakeTmp

Run Build Command:"/usr/bin/make" "cmTC_3958e/fast"
/usr/bin/make -f CMakeFiles/cmTC_3958e.dir/build.make CMakeFiles/cmTC_3958e.dir/build
make[1]: Entering directory '/mnt/hgfs/smartx/modules/dlib/dlib-19.17/CMakeFiles/CMakeTmp'
Building C object CMakeFiles/cmTC_3958e.dir/CheckFunctionExists.c.o
/usr/bin/cc    -DCHECK_FUNCTION_EXISTS=pthread_create   -o CMakeFiles/cmTC_3958e.dir/CheckFunctionExists.c.o   -c /usr/share/cmake-3.5/Modules/CheckFunctionExists.c
Linking C executable cmTC_3958e
/usr/bin/cmake -E cmake_link_script CMakeFiles/cmTC_3958e.dir/link.txt --verbose=1
/usr/bin/cc   -DCHECK_FUNCTION_EXISTS=pthread_create    CMakeFiles/cmTC_3958e.dir/CheckFunctionExists.c.o  -o cmTC_3958e -rdynamic -lpthreads 
/usr/bin/ld: cannot find -lpthreads
collect2: error: ld returned 1 exit status
CMakeFiles/cmTC_3958e.dir/build.make:97: recipe for target 'cmTC_3958e' failed
make[1]: *** [cmTC_3958e] Error 1
make[1]: Leaving directory '/mnt/hgfs/smartx/modules/dlib/dlib-19.17/CMakeFiles/CMakeTmp'
Makefile:126: recipe for target 'cmTC_3958e/fast' failed
make: *** [cmTC_3958e/fast] Error 2


