Determining size of off64_t failed with the following output:
Change Dir: /mnt/hgfs/smartx1.0/modules/opencv/opencv-2.4.10/3rdparty/zlib/CMakeFiles/CMakeTmp

Run Build Command:/usr/bin/gmake "cmTryCompileExec/fast"
/usr/bin/gmake -f CMakeFiles/cmTryCompileExec.dir/build.make CMakeFiles/cmTryCompileExec.dir/build
gmake[1]: Entering directory `/mnt/hgfs/smartx1.0/modules/opencv/opencv-2.4.10/3rdparty/zlib/CMakeFiles/CMakeTmp'
/usr/bin/cmake -E cmake_progress_report /mnt/hgfs/smartx1.0/modules/opencv/opencv-2.4.10/3rdparty/zlib/CMakeFiles/CMakeTmp/CMakeFiles 1
Building C object CMakeFiles/cmTryCompileExec.dir/CheckTypeSizeC.c.o
/usr/bin/gcc   -DHAVE_SYS_TYPES_H -DHAVE_STDINT_H -DHAVE_STDDEF_H   -o CMakeFiles/cmTryCompileExec.dir/CheckTypeSizeC.c.o   -c /mnt/hgfs/smartx1.0/modules/opencv/opencv-2.4.10/3rdparty/zlib/CMakeFiles/CMakeTmp/CheckTypeSizeC.c
/mnt/hgfs/smartx1.0/modules/opencv/opencv-2.4.10/3rdparty/zlib/CMakeFiles/CMakeTmp/CheckTypeSizeC.c:25: 错误：‘off64_t’未声明(不在函数内)
gmake[1]: *** [CMakeFiles/cmTryCompileExec.dir/CheckTypeSizeC.c.o] 错误 1
gmake[1]: Leaving directory `/mnt/hgfs/smartx1.0/modules/opencv/opencv-2.4.10/3rdparty/zlib/CMakeFiles/CMakeTmp'
gmake: *** [cmTryCompileExec/fast] 错误 2

CheckTypeSizeC.c:
#define CHECK_TYPE_SIZE_TYPE off64_t
#ifdef CHECK_TYPE_SIZE_TYPE


#ifdef HAVE_SYS_TYPES_H
#  include <sys/types.h>
#endif /* HAVE_SYS_TYPES_H */

#ifdef HAVE_STDINT_H
#  include <stdint.h>
#endif /* HAVE_STDINT_H */

#ifdef HAVE_STDDEF_H
#  include <stddef.h>
#endif /* HAVE_STDDEF_H */



#ifdef __CLASSIC_C__
# define const
#endif

#define SIZE (sizeof(off64_t))
const char info_sizeof[] =  {'I', 'N', 'F', 'O', ':', 's','i','z','e','o','f','[',
  ('0' + ((SIZE / 10000)%10)),
  ('0' + ((SIZE / 1000)%10)),
  ('0' + ((SIZE / 100)%10)),
  ('0' + ((SIZE / 10)%10)),
  ('0' +  (SIZE    % 10)), 
  ']','\0'};

#ifdef __CLASSIC_C__
int main(argc, argv) int argc; char *argv[];
#else
int main(int argc, char *argv[])
#endif
{
  int require = 0;
  require += info_sizeof[argc];
  (void)argv;
  return require;
}

#else  /* CHECK_TYPE_SIZE_TYPE */

#  error "CHECK_TYPE_SIZE_TYPE has to specify the type"

#endif /* CHECK_TYPE_SIZE_TYPE */


